La génération a démarré 27.11.2013 15:18:01.
     1>Projet "C:\vstsdk2.4\public.sdk\samples\vst2.x\Dephase2\win\again.vcxproj" sur le nœud 2 (build cible(s)).
     1>InitializeBuildStatus:
         Création de "x64\Release\dephase2.unsuccessfulbuild", car "AlwaysCreate" a été spécifié.
       ClCompile:
         C:\Program Files (x86)\Microsoft Visual Studio 10.0\VC\bin\x86_amd64\CL.exe /c /I../../../../.. /Zi /nologo /W3 /WX- /O2 /GL /D WIN32 /D NDEBUG /D _WINDOWS /D _USRDLL /D AGAIN_EXPORTS /D VST_64BIT_PLATFORM=1 /D _CRT_SECURE_NO_DEPRECATE=1 /D _WINDLL /Gm- /EHsc /MT /GS /fp:precise /Zc:wchar_t /Zc:forScope /Fo"x64\Release\\" /Fd"x64\Release\vc100.pdb" /Gd /TP /errorReport:prompt ..\..\..\..\source\vst2.x\audioeffect.cpp ..\..\..\..\source\vst2.x\audioeffectx.cpp ..\..\..\..\source\vst2.x\vstplugmain.cpp ..\source\dephase2.cpp
         audioeffect.cpp
         audioeffectx.cpp
         vstplugmain.cpp
         dephase2.cpp
     1>..\source\dephase2.cpp(167): warning C4244: 'argument' : conversion from 'double' to 'int', possible loss of data
     1>..\source\dephase2.cpp(168): warning C4244: 'argument' : conversion from 'double' to 'int', possible loss of data
     1>..\source\dephase2.cpp(190): warning C4305: '+=' : truncation from 'double' to 'float'
     1>..\source\dephase2.cpp(191): warning C4305: '+=' : truncation from 'double' to 'float'
     1>..\source\dephase2.cpp(199): warning C4244: '+=' : conversion from 'double' to 'float', possible loss of data
     1>..\source\dephase2.cpp(200): warning C4244: '+=' : conversion from 'double' to 'float', possible loss of data
       Link:
         C:\Program Files (x86)\Microsoft Visual Studio 10.0\VC\bin\x86_amd64\link.exe /ERRORREPORT:PROMPT /OUT:"C:\vstsdk2.4\public.sdk\samples\vst2.x\Dephase2\win\x64\Release\dephase2.dll" /INCREMENTAL:NO /NOLOGO kernel32.lib user32.lib gdi32.lib winspool.lib comdlg32.lib advapi32.lib shell32.lib ole32.lib oleaut32.lib uuid.lib odbc32.lib odbccp32.lib /DEF:"../../win/vstplug.def" /MANIFEST /ManifestFile:"x64\Release\dephase2.dll.intermediate.manifest" /MANIFESTUAC:"level='asInvoker' uiAccess='false'" /DEBUG /PDB:"C:\vstsdk2.4\public.sdk\samples\vst2.x\Dephase2\win\x64\Release\dephase2.pdb" /SUBSYSTEM:WINDOWS /OPT:REF /OPT:ICF /LTCG /TLBID:1 /DYNAMICBASE /NXCOMPAT /IMPLIB:"C:\vstsdk2.4\public.sdk\samples\vst2.x\Dephase2\win\x64\Release\dephase2.lib" /MACHINE:X64 /DLL x64\Release\audioeffect.obj
         x64\Release\audioeffectx.obj
         x64\Release\vstplugmain.obj
         x64\Release\dephase2.obj
     1>LINK : fatal error LNK1181: cannot open input file 'kernel32.lib'
     1>Génération du projet "C:\vstsdk2.4\public.sdk\samples\vst2.x\Dephase2\win\again.vcxproj" terminée (build cible(s)) -- ÉCHEC.

ÉCHEC de la build.

Temps écoulé 00:00:00.74
