C:\vstsdk2.4\public.sdk\samples\vst2.x\Dephase2\win\Release\again.vcxprojResolveAssemblyReference.cache
C:\VSTSDK2.4\PUBLIC.SDK\SAMPLES\VST2.X\DEPHASE2\WIN\RELEASE\AUDIOEFFECT.OBJ
C:\VSTSDK2.4\PUBLIC.SDK\SAMPLES\VST2.X\DEPHASE2\WIN\RELEASE\AUDIOEFFECTX.OBJ
C:\VSTSDK2.4\PUBLIC.SDK\SAMPLES\VST2.X\DEPHASE2\WIN\RELEASE\CALDE.OBJ
C:\vstsdk2.4\public.sdk\samples\vst2.x\Dephase2\win\Release\cl.command.1.tlog
C:\vstsdk2.4\public.sdk\samples\vst2.x\Dephase2\win\Release\CL.read.1.tlog
C:\vstsdk2.4\public.sdk\samples\vst2.x\Dephase2\win\Release\CL.write.1.tlog
C:\VSTSDK2.4\PUBLIC.SDK\SAMPLES\VST2.X\DEPHASE2\WIN\RELEASE\DEPHASE2.DLL
C:\VSTSDK2.4\PUBLIC.SDK\SAMPLES\VST2.X\DEPHASE2\WIN\RELEASE\DEPHASE2.DLL.INTERMEDIATE.MANIFEST
C:\vstsdk2.4\public.sdk\samples\vst2.x\Dephase2\win\Release\dephase2.exp
C:\vstsdk2.4\public.sdk\samples\vst2.x\Dephase2\win\Release\dephase2.lib
C:\VSTSDK2.4\PUBLIC.SDK\SAMPLES\VST2.X\DEPHASE2\WIN\RELEASE\DEPHASE2.OBJ
C:\VSTSDK2.4\PUBLIC.SDK\SAMPLES\VST2.X\DEPHASE2\WIN\RELEASE\DEPHASE2.PDB
C:\vstsdk2.4\public.sdk\samples\vst2.x\Dephase2\win\Release\dephase2.write.1.tlog
C:\vstsdk2.4\public.sdk\samples\vst2.x\Dephase2\win\Release\link.command.1.tlog
C:\vstsdk2.4\public.sdk\samples\vst2.x\Dephase2\win\Release\link.read.1.tlog
C:\vstsdk2.4\public.sdk\samples\vst2.x\Dephase2\win\Release\link.write.1.tlog
C:\VSTSDK2.4\PUBLIC.SDK\SAMPLES\VST2.X\DEPHASE2\WIN\RELEASE\LOG.OBJ
C:\vstsdk2.4\public.sdk\samples\vst2.x\Dephase2\win\Release\mt.command.1.tlog
C:\vstsdk2.4\public.sdk\samples\vst2.x\Dephase2\win\Release\mt.read.1.tlog
C:\vstsdk2.4\public.sdk\samples\vst2.x\Dephase2\win\Release\mt.write.1.tlog
C:\VSTSDK2.4\PUBLIC.SDK\SAMPLES\VST2.X\DEPHASE2\WIN\RELEASE\SINGEN.OBJ
C:\VSTSDK2.4\PUBLIC.SDK\SAMPLES\VST2.X\DEPHASE2\WIN\RELEASE\VC100.PDB
C:\VSTSDK2.4\PUBLIC.SDK\SAMPLES\VST2.X\DEPHASE2\WIN\RELEASE\VSTPLUGMAIN.OBJ
